2014-10-21 15:50:28 Error: [MissingControllerException] Controller class TestController could not be found.
Exception Attributes: array (
  'class' => 'TestController',
  'plugin' => NULL,
)
Request URL: /ocav2/test
Stack Trace:
#0 D:\wamp\www\ocav2\app\webroot\index.php(108): Dispatcher->dispatch(Object(CakeRequest), Object(CakeResponse))
#1 {main}
2014-10-21 15:50:38 Error: [MissingControllerException] Controller class TestsController could not be found.
Exception Attributes: array (
  'class' => 'TestsController',
  'plugin' => NULL,
)
Request URL: /ocav2/tests
Stack Trace:
#0 D:\wamp\www\ocav2\app\webroot\index.php(108): Dispatcher->dispatch(Object(CakeRequest), Object(CakeResponse))
#1 {main}
2014-10-21 15:51:13 Error: [MissingControllerException] Controller class TestsController could not be found.
Exception Attributes: array (
  'class' => 'TestsController',
  'plugin' => NULL,
)
Request URL: /ocav2/tests
Stack Trace:
#0 D:\wamp\www\ocav2\app\webroot\index.php(108): Dispatcher->dispatch(Object(CakeRequest), Object(CakeResponse))
#1 {main}
2014-10-21 15:51:14 Error: [MissingControllerException] Controller class TestsController could not be found.
Exception Attributes: array (
  'class' => 'TestsController',
  'plugin' => NULL,
)
Request URL: /ocav2/tests
Stack Trace:
#0 D:\wamp\www\ocav2\app\webroot\index.php(108): Dispatcher->dispatch(Object(CakeRequest), Object(CakeResponse))
#1 {main}
2014-10-21 15:51:15 Error: [MissingControllerException] Controller class TestsController could not be found.
Exception Attributes: array (
  'class' => 'TestsController',
  'plugin' => NULL,
)
Request URL: /ocav2/tests
Stack Trace:
#0 D:\wamp\www\ocav2\app\webroot\index.php(108): Dispatcher->dispatch(Object(CakeRequest), Object(CakeResponse))
#1 {main}
2014-10-21 15:54:31 Error: [MissingControllerException] Controller class TestsController could not be found.
Exception Attributes: array (
  'class' => 'TestsController',
  'plugin' => NULL,
)
Request URL: /ocav2/tests
Stack Trace:
#0 D:\wamp\www\ocav2\app\webroot\index.php(108): Dispatcher->dispatch(Object(CakeRequest), Object(CakeResponse))
#1 {main}
2014-10-21 15:54:32 Error: [MissingControllerException] Controller class TestsController could not be found.
Exception Attributes: array (
  'class' => 'TestsController',
  'plugin' => NULL,
)
Request URL: /ocav2/tests
Stack Trace:
#0 D:\wamp\www\ocav2\app\webroot\index.php(108): Dispatcher->dispatch(Object(CakeRequest), Object(CakeResponse))
#1 {main}
2014-10-21 15:54:32 Error: [MissingControllerException] Controller class TestsController could not be found.
Exception Attributes: array (
  'class' => 'TestsController',
  'plugin' => NULL,
)
Request URL: /ocav2/tests
Stack Trace:
#0 D:\wamp\www\ocav2\app\webroot\index.php(108): Dispatcher->dispatch(Object(CakeRequest), Object(CakeResponse))
#1 {main}
2014-10-21 15:54:32 Error: [MissingControllerException] Controller class TestsController could not be found.
Exception Attributes: array (
  'class' => 'TestsController',
  'plugin' => NULL,
)
Request URL: /ocav2/tests
Stack Trace:
#0 D:\wamp\www\ocav2\app\webroot\index.php(108): Dispatcher->dispatch(Object(CakeRequest), Object(CakeResponse))
#1 {main}
2014-10-21 15:54:32 Error: [MissingControllerException] Controller class TestsController could not be found.
Exception Attributes: array (
  'class' => 'TestsController',
  'plugin' => NULL,
)
Request URL: /ocav2/tests
Stack Trace:
#0 D:\wamp\www\ocav2\app\webroot\index.php(108): Dispatcher->dispatch(Object(CakeRequest), Object(CakeResponse))
#1 {main}
2014-10-21 15:54:33 Error: [MissingControllerException] Controller class TestsController could not be found.
Exception Attributes: array (
  'class' => 'TestsController',
  'plugin' => NULL,
)
Request URL: /ocav2/tests
Stack Trace:
#0 D:\wamp\www\ocav2\app\webroot\index.php(108): Dispatcher->dispatch(Object(CakeRequest), Object(CakeResponse))
#1 {main}
2014-10-21 15:54:33 Error: [MissingControllerException] Controller class TestsController could not be found.
Exception Attributes: array (
  'class' => 'TestsController',
  'plugin' => NULL,
)
Request URL: /ocav2/tests
Stack Trace:
#0 D:\wamp\www\ocav2\app\webroot\index.php(108): Dispatcher->dispatch(Object(CakeRequest), Object(CakeResponse))
#1 {main}
2014-10-21 15:54:33 Error: [MissingControllerException] Controller class TestsController could not be found.
Exception Attributes: array (
  'class' => 'TestsController',
  'plugin' => NULL,
)
Request URL: /ocav2/tests
Stack Trace:
#0 D:\wamp\www\ocav2\app\webroot\index.php(108): Dispatcher->dispatch(Object(CakeRequest), Object(CakeResponse))
#1 {main}
2014-10-21 15:54:34 Error: [MissingControllerException] Controller class TestsController could not be found.
Exception Attributes: array (
  'class' => 'TestsController',
  'plugin' => NULL,
)
Request URL: /ocav2/tests
Stack Trace:
#0 D:\wamp\www\ocav2\app\webroot\index.php(108): Dispatcher->dispatch(Object(CakeRequest), Object(CakeResponse))
#1 {main}
2014-10-21 15:54:34 Error: [MissingControllerException] Controller class TestsController could not be found.
Exception Attributes: array (
  'class' => 'TestsController',
  'plugin' => NULL,
)
Request URL: /ocav2/tests
Stack Trace:
#0 D:\wamp\www\ocav2\app\webroot\index.php(108): Dispatcher->dispatch(Object(CakeRequest), Object(CakeResponse))
#1 {main}
2014-10-21 15:54:34 Error: [MissingControllerException] Controller class TestsController could not be found.
Exception Attributes: array (
  'class' => 'TestsController',
  'plugin' => NULL,
)
Request URL: /ocav2/tests
Stack Trace:
#0 D:\wamp\www\ocav2\app\webroot\index.php(108): Dispatcher->dispatch(Object(CakeRequest), Object(CakeResponse))
#1 {main}
2014-10-21 15:54:34 Error: [MissingControllerException] Controller class TestsController could not be found.
Exception Attributes: array (
  'class' => 'TestsController',
  'plugin' => NULL,
)
Request URL: /ocav2/tests
Stack Trace:
#0 D:\wamp\www\ocav2\app\webroot\index.php(108): Dispatcher->dispatch(Object(CakeRequest), Object(CakeResponse))
#1 {main}
2014-10-21 15:55:15 Error: [MissingControllerException] Controller class TestsController could not be found.
Exception Attributes: array (
  'class' => 'TestsController',
  'plugin' => NULL,
)
Request URL: /ocav2/tests
Stack Trace:
#0 D:\wamp\www\ocav2\app\webroot\index.php(108): Dispatcher->dispatch(Object(CakeRequest), Object(CakeResponse))
#1 {main}
2014-10-21 15:55:16 Error: [MissingControllerException] Controller class TestsController could not be found.
Exception Attributes: array (
  'class' => 'TestsController',
  'plugin' => NULL,
)
Request URL: /ocav2/tests
Stack Trace:
#0 D:\wamp\www\ocav2\app\webroot\index.php(108): Dispatcher->dispatch(Object(CakeRequest), Object(CakeResponse))
#1 {main}
2014-10-21 15:55:16 Error: [MissingControllerException] Controller class TestsController could not be found.
Exception Attributes: array (
  'class' => 'TestsController',
  'plugin' => NULL,
)
Request URL: /ocav2/tests
Stack Trace:
#0 D:\wamp\www\ocav2\app\webroot\index.php(108): Dispatcher->dispatch(Object(CakeRequest), Object(CakeResponse))
#1 {main}
2014-10-21 15:55:17 Error: [MissingControllerException] Controller class TestsController could not be found.
Exception Attributes: array (
  'class' => 'TestsController',
  'plugin' => NULL,
)
Request URL: /ocav2/tests
Stack Trace:
#0 D:\wamp\www\ocav2\app\webroot\index.php(108): Dispatcher->dispatch(Object(CakeRequest), Object(CakeResponse))
#1 {main}
2014-10-21 15:55:17 Error: [MissingControllerException] Controller class TestsController could not be found.
Exception Attributes: array (
  'class' => 'TestsController',
  'plugin' => NULL,
)
Request URL: /ocav2/tests
Stack Trace:
#0 D:\wamp\www\ocav2\app\webroot\index.php(108): Dispatcher->dispatch(Object(CakeRequest), Object(CakeResponse))
#1 {main}
2014-10-21 15:55:17 Error: [MissingControllerException] Controller class TestsController could not be found.
Exception Attributes: array (
  'class' => 'TestsController',
  'plugin' => NULL,
)
Request URL: /ocav2/tests
Stack Trace:
#0 D:\wamp\www\ocav2\app\webroot\index.php(108): Dispatcher->dispatch(Object(CakeRequest), Object(CakeResponse))
#1 {main}
2014-10-21 15:55:17 Error: [MissingControllerException] Controller class TestsController could not be found.
Exception Attributes: array (
  'class' => 'TestsController',
  'plugin' => NULL,
)
Request URL: /ocav2/tests
Stack Trace:
#0 D:\wamp\www\ocav2\app\webroot\index.php(108): Dispatcher->dispatch(Object(CakeRequest), Object(CakeResponse))
#1 {main}
2014-10-21 15:55:17 Error: [MissingControllerException] Controller class TestsController could not be found.
Exception Attributes: array (
  'class' => 'TestsController',
  'plugin' => NULL,
)
Request URL: /ocav2/tests
Stack Trace:
#0 D:\wamp\www\ocav2\app\webroot\index.php(108): Dispatcher->dispatch(Object(CakeRequest), Object(CakeResponse))
#1 {main}
2014-10-21 15:55:18 Error: [MissingControllerException] Controller class TestsController could not be found.
Exception Attributes: array (
  'class' => 'TestsController',
  'plugin' => NULL,
)
Request URL: /ocav2/tests
Stack Trace:
#0 D:\wamp\www\ocav2\app\webroot\index.php(108): Dispatcher->dispatch(Object(CakeRequest), Object(CakeResponse))
#1 {main}
2014-10-21 15:55:18 Error: [MissingControllerException] Controller class TestsController could not be found.
Exception Attributes: array (
  'class' => 'TestsController',
  'plugin' => NULL,
)
Request URL: /ocav2/tests
Stack Trace:
#0 D:\wamp\www\ocav2\app\webroot\index.php(108): Dispatcher->dispatch(Object(CakeRequest), Object(CakeResponse))
#1 {main}
2014-10-21 15:55:18 Error: [MissingControllerException] Controller class TestsController could not be found.
Exception Attributes: array (
  'class' => 'TestsController',
  'plugin' => NULL,
)
Request URL: /ocav2/tests
Stack Trace:
#0 D:\wamp\www\ocav2\app\webroot\index.php(108): Dispatcher->dispatch(Object(CakeRequest), Object(CakeResponse))
#1 {main}
2014-10-21 15:55:18 Error: [MissingControllerException] Controller class TestsController could not be found.
Exception Attributes: array (
  'class' => 'TestsController',
  'plugin' => NULL,
)
Request URL: /ocav2/tests
Stack Trace:
#0 D:\wamp\www\ocav2\app\webroot\index.php(108): Dispatcher->dispatch(Object(CakeRequest), Object(CakeResponse))
#1 {main}
2014-10-21 15:55:19 Error: [MissingControllerException] Controller class TestsController could not be found.
Exception Attributes: array (
  'class' => 'TestsController',
  'plugin' => NULL,
)
Request URL: /ocav2/tests
Stack Trace:
#0 D:\wamp\www\ocav2\app\webroot\index.php(108): Dispatcher->dispatch(Object(CakeRequest), Object(CakeResponse))
#1 {main}
2014-10-21 15:55:19 Error: [MissingControllerException] Controller class TestsController could not be found.
Exception Attributes: array (
  'class' => 'TestsController',
  'plugin' => NULL,
)
Request URL: /ocav2/tests
Stack Trace:
#0 D:\wamp\www\ocav2\app\webroot\index.php(108): Dispatcher->dispatch(Object(CakeRequest), Object(CakeResponse))
#1 {main}
2014-10-21 15:55:19 Error: [MissingControllerException] Controller class TestsController could not be found.
Exception Attributes: array (
  'class' => 'TestsController',
  'plugin' => NULL,
)
Request URL: /ocav2/tests
Stack Trace:
#0 D:\wamp\www\ocav2\app\webroot\index.php(108): Dispatcher->dispatch(Object(CakeRequest), Object(CakeResponse))
#1 {main}
2014-10-21 15:55:19 Error: [MissingControllerException] Controller class TestsController could not be found.
Exception Attributes: array (
  'class' => 'TestsController',
  'plugin' => NULL,
)
Request URL: /ocav2/tests
Stack Trace:
#0 D:\wamp\www\ocav2\app\webroot\index.php(108): Dispatcher->dispatch(Object(CakeRequest), Object(CakeResponse))
#1 {main}
2014-10-21 15:55:24 Error: [MissingControllerException] Controller class TestController could not be found.
Exception Attributes: array (
  'class' => 'TestController',
  'plugin' => NULL,
)
Request URL: /ocav2/test
Stack Trace:
#0 D:\wamp\www\ocav2\app\webroot\index.php(108): Dispatcher->dispatch(Object(CakeRequest), Object(CakeResponse))
#1 {main}
2014-10-21 15:55:50 Error: [MissingControllerException] Controller class TestsController could not be found.
Exception Attributes: array (
  'class' => 'TestsController',
  'plugin' => NULL,
)
Request URL: /ocav2/tests
Stack Trace:
#0 D:\wamp\www\ocav2\app\webroot\index.php(108): Dispatcher->dispatch(Object(CakeRequest), Object(CakeResponse))
#1 {main}
2014-10-21 15:55:53 Error: [MissingControllerException] Controller class TestsController could not be found.
Exception Attributes: array (
  'class' => 'TestsController',
  'plugin' => NULL,
)
Request URL: /ocav2/tests/index
Stack Trace:
#0 D:\wamp\www\ocav2\app\webroot\index.php(108): Dispatcher->dispatch(Object(CakeRequest), Object(CakeResponse))
#1 {main}
2014-10-21 15:56:41 Error: [MissingControllerException] Controller class TestController could not be found.
Exception Attributes: array (
  'class' => 'TestController',
  'plugin' => NULL,
)
Request URL: /ocav2/test
Stack Trace:
#0 D:\wamp\www\ocav2\app\webroot\index.php(108): Dispatcher->dispatch(Object(CakeRequest), Object(CakeResponse))
#1 {main}
2014-10-21 15:56:51 Error: [MissingActionException] Action TestsController::add() could not be found.
Exception Attributes: array (
  'controller' => 'TestsController',
  'action' => 'add',
)
Request URL: /ocav2/tests/add
Stack Trace:
#0 D:\wamp\www\ocav2\lib\Cake\Routing\Dispatcher.php(191): Controller->invokeAction(Object(CakeRequest))
#1 D:\wamp\www\ocav2\lib\Cake\Routing\Dispatcher.php(165): Dispatcher->_invoke(Object(TestsController), Object(CakeRequest))
#2 D:\wamp\www\ocav2\app\webroot\index.php(108): Dispatcher->dispatch(Object(CakeRequest), Object(CakeResponse))
#3 {main}
2014-10-21 15:57:45 Error: [MissingViewException] View file "D:\wamp\www\ocav2\app\View\Tests\add.ctp" is missing.
Exception Attributes: array (
  'file' => 'D:\\wamp\\www\\ocav2\\app\\View\\Tests\\add.ctp',
)
Request URL: /ocav2/tests/add
Stack Trace:
#0 D:\wamp\www\ocav2\lib\Cake\View\View.php(468): View->_getViewFileName(NULL)
#1 D:\wamp\www\ocav2\lib\Cake\Controller\Controller.php(954): View->render(NULL, NULL)
#2 D:\wamp\www\ocav2\lib\Cake\Routing\Dispatcher.php(198): Controller->render()
#3 D:\wamp\www\ocav2\lib\Cake\Routing\Dispatcher.php(165): Dispatcher->_invoke(Object(TestsController), Object(CakeRequest))
#4 D:\wamp\www\ocav2\app\webroot\index.php(108): Dispatcher->dispatch(Object(CakeRequest), Object(CakeResponse))
#5 {main}
2014-10-21 16:02:29 Error: Fatal Error (4): syntax error, unexpected 'endforeach' (T_ENDFOREACH) in [D:\wamp\www\ocav2\app\View\Tests\index.ctp, line 11]
2014-10-21 16:02:29 Error: [FatalErrorException] syntax error, unexpected 'endforeach' (T_ENDFOREACH)
Request URL: /ocav2/tests
Stack Trace:
#0 D:\wamp\www\ocav2\lib\Cake\Error\ErrorHandler.php(203): ErrorHandler::handleFatalError(4, 'syntax error, u...', 'D:\\wamp\\www\\oca...', 11)
#1 [internal function]: ErrorHandler::handleError(4, 'syntax error, u...', 'D:\\wamp\\www\\oca...', 11, Array)
#2 D:\wamp\www\ocav2\lib\Cake\Core\App.php(931): call_user_func('ErrorHandler::h...', 4, 'syntax error, u...', 'D:\\wamp\\www\\oca...', 11, Array)
#3 D:\wamp\www\ocav2\lib\Cake\Core\App.php(904): App::_checkFatalError()
#4 [internal function]: App::shutdown()
#5 {main}
2014-10-21 17:00:01 Error: Fatal Error (4): syntax error, unexpected '=>' (T_DOUBLE_ARROW) in [D:\wamp\www\ocav2\app\View\Assos\admin_add.ctp, line 6]
2014-10-21 17:00:01 Error: [FatalErrorException] syntax error, unexpected '=>' (T_DOUBLE_ARROW)
Request URL: /ocav2/admin/assos/add
Stack Trace:
#0 D:\wamp\www\ocav2\lib\Cake\Error\ErrorHandler.php(203): ErrorHandler::handleFatalError(4, 'syntax error, u...', 'D:\\wamp\\www\\oca...', 6)
#1 [internal function]: ErrorHandler::handleError(4, 'syntax error, u...', 'D:\\wamp\\www\\oca...', 6, Array)
#2 D:\wamp\www\ocav2\lib\Cake\Core\App.php(931): call_user_func('ErrorHandler::h...', 4, 'syntax error, u...', 'D:\\wamp\\www\\oca...', 6, Array)
#3 D:\wamp\www\ocav2\lib\Cake\Core\App.php(904): App::_checkFatalError()
#4 [internal function]: App::shutdown()
#5 {main}
2014-10-21 17:00:06 Error: Fatal Error (4): syntax error, unexpected '=>' (T_DOUBLE_ARROW) in [D:\wamp\www\ocav2\app\View\Assos\admin_add.ctp, line 6]
2014-10-21 17:00:06 Error: [FatalErrorException] syntax error, unexpected '=>' (T_DOUBLE_ARROW)
Request URL: /ocav2/admin/assos/add
Stack Trace:
#0 D:\wamp\www\ocav2\lib\Cake\Error\ErrorHandler.php(203): ErrorHandler::handleFatalError(4, 'syntax error, u...', 'D:\\wamp\\www\\oca...', 6)
#1 [internal function]: ErrorHandler::handleError(4, 'syntax error, u...', 'D:\\wamp\\www\\oca...', 6, Array)
#2 D:\wamp\www\ocav2\lib\Cake\Core\App.php(931): call_user_func('ErrorHandler::h...', 4, 'syntax error, u...', 'D:\\wamp\\www\\oca...', 6, Array)
#3 D:\wamp\www\ocav2\lib\Cake\Core\App.php(904): App::_checkFatalError()
#4 [internal function]: App::shutdown()
#5 {main}
2014-10-21 17:03:08 Error: Fatal Error (4): syntax error, unexpected ')', expecting ',' or ';' in [D:\wamp\www\ocav2\app\View\Assos\admin_add.ctp, line 6]
2014-10-21 17:03:08 Error: [FatalErrorException] syntax error, unexpected ')', expecting ',' or ';'
Request URL: /ocav2/admin/assos/add
Stack Trace:
#0 D:\wamp\www\ocav2\lib\Cake\Error\ErrorHandler.php(203): ErrorHandler::handleFatalError(4, 'syntax error, u...', 'D:\\wamp\\www\\oca...', 6)
#1 [internal function]: ErrorHandler::handleError(4, 'syntax error, u...', 'D:\\wamp\\www\\oca...', 6, Array)
#2 D:\wamp\www\ocav2\lib\Cake\Core\App.php(931): call_user_func('ErrorHandler::h...', 4, 'syntax error, u...', 'D:\\wamp\\www\\oca...', 6, Array)
#3 D:\wamp\www\ocav2\lib\Cake\Core\App.php(904): App::_checkFatalError()
#4 [internal function]: App::shutdown()
#5 {main}
2014-10-21 17:06:54 Error: [MissingControllerException] Controller class CssController could not be found.
Exception Attributes: array (
  'class' => 'CssController',
  'plugin' => NULL,
)
Request URL: /ocav2/css/cake.generic.css
Stack Trace:
#0 D:\wamp\www\ocav2\app\webroot\index.php(108): Dispatcher->dispatch(Object(CakeRequest), Object(CakeResponse))
#1 {main}
